#
# A fatal error has been detected by the Java Runtime Environment:
#
#  EXCEPTION_ACCESS_VIOLATION (0xc0000005) at pc=0x6d0b6ae0, pid=6360, tid=6924
#
# JRE version: 6.0_20-b02
# Java VM: Java HotSpot(TM) Client VM (16.3-b01 mixed mode, sharing windows-x86 )
# Problematic frame:
# C  [awt.dll+0xb6ae0]
#
# If you would like to submit a bug report, please visit:
#   http://java.sun.com/webapps/bugreport/crash.jsp
# The crash happened outside the Java Virtual Machine in native code.
# See problematic frame for where to report the bug.
#

---------------  T H R E A D  ---------------

Current thread (0x01a9f800):  JavaThread "AWT-Windows" daemon [_thread_in_native, id=6924, stack(0x04020000,0x04070000)]

siginfo: ExceptionCode=0xc0000005, reading address 0x00000000

Registers:
EAX=0x0406f76c, EBX=0x041541b8, ECX=0x00000108, EDX=0x000000c0
ESP=0x0406f754, EBP=0x0406f8b8, ESI=0x00000000, EDI=0x000000c0
EIP=0x6d0b6ae0, EFLAGS=0x00010206

Top of Stack: (sp=0x0406f754)
0x0406f754:   0406f76c 00001000 00000000 04153f98
0x0406f764:   000000cf 6d0b3191 00000000 6d0adf6b
0x0406f774:   00000000 041420a0 6d0b3c81 00009824
0x0406f784:   01a9f910 00000001 000000c9 de1b6eeb
0x0406f794:   00000001 000000d1 00000000 0406f75c
0x0406f7a4:   01a9f910 019c6280 779d62e3 00000000
0x0406f7b4:   fffffffe 7798888d 779843cf 00000000
0x0406f7c4:   6d06d6a0 00000001 23a4bb30 0406f7e8 

Instructions: (pc=0x6d0b6ae0)
0x6d0b6ad0:   05 00 20 00 00 50 c1 e2 05 8d 44 24 14 50 8b fa
0x6d0b6ae0:   8b 16 57 c1 e1 05 51 56 ff 52 2c 85 c0 0f 8c 93 


Stack: [0x04020000,0x04070000],  sp=0x0406f754,  free space=13d0406f270k
Native frames: (J=compiled Java code, j=interpreted, Vv=VM code, C=native code)
C  [awt.dll+0xb6ae0]
C  [awt.dll+0x9c6ec]
C  [USER32.dll+0x186ef]
C  [USER32.dll+0x18876]
C  [USER32.dll+0x170f4]
C  [USER32.dll+0x1738f]
C  [ntdll.dll+0x4642e]
C  [USER32.dll+0x192a9]

Java frames: (J=compiled Java code, j=interpreted, Vv=VM code)
j  sun.awt.windows.WToolkit.eventLoop()V+0
j  sun.awt.windows.WToolkit.run()V+77
j  java.lang.Thread.run()V+11
v  ~StubRoutines::call_stub

---------------  P R O C E S S  ---------------

Java Threads: ( => current thread )
  0x019b1c00 JavaThread "DestroyJavaVM" [_thread_blocked, id=3644, stack(0x00290000,0x002e0000)]
  0x04167800 JavaThread "D3D Screen Updater" daemon [_thread_blocked, id=4412, stack(0x06a00000,0x06a50000)]
  0x04163400 JavaThread "AWT-EventQueue-0" [_thread_in_native, id=5696, stack(0x064a0000,0x064f0000)]
  0x0415e400 JavaThread "Timer-0" [_thread_blocked, id=6856, stack(0x06450000,0x064a0000)]
=>0x01a9f800 JavaThread "AWT-Windows" daemon [_thread_in_native, id=6924, stack(0x04020000,0x04070000)]
  0x01a9f000 JavaThread "AWT-Shutdown" [_thread_blocked, id=3808, stack(0x03fd0000,0x04020000)]
  0x01a9c000 JavaThread "Java2D Disposer" daemon [_thread_blocked, id=6376, stack(0x03f80000,0x03fd0000)]
  0x01a1bc00 JavaThread "Low Memory Detector" daemon [_thread_blocked, id=3552, stack(0x03ce0000,0x03d30000)]
  0x01a17800 JavaThread "CompilerThread0" daemon [_thread_blocked, id=4604, stack(0x03c90000,0x03ce0000)]
  0x01a16400 JavaThread "Attach Listener" daemon [_thread_blocked, id=4432, stack(0x03c40000,0x03c90000)]
  0x01a13400 JavaThread "Signal Dispatcher" daemon [_thread_blocked, id=6152, stack(0x03bf0000,0x03c40000)]
  0x019d5400 JavaThread "Finalizer" daemon [_thread_blocked, id=7564, stack(0x03ba0000,0x03bf0000)]
  0x019d0800 JavaThread "Reference Handler" daemon [_thread_blocked, id=7832, stack(0x03b50000,0x03ba0000)]

Other Threads:
  0x019cf400 VMThread [stack: 0x01330000,0x01380000] [id=6456]
  0x01a36c00 WatcherThread [stack: 0x03d30000,0x03d80000] [id=5072]

VM state:not at safepoint (normal execution)

VM Mutex/Monitor currently owned by a thread: None

Heap
 def new generation   total 4928K, used 3114K [0x239f0000, 0x23f40000, 0x28f40000)
  eden space 4416K,  70% used [0x239f0000, 0x23cfa9f8, 0x23e40000)
  from space 512K,   0% used [0x23e40000, 0x23e40000, 0x23ec0000)
  to   space 512K,   0% used [0x23ec0000, 0x23ec0000, 0x23f40000)
 tenured generation   total 10944K, used 0K [0x28f40000, 0x299f0000, 0x339f0000)
   the space 10944K,   0% used [0x28f40000, 0x28f40000, 0x28f40200, 0x299f0000)
 compacting perm gen  total 12288K, used 179K [0x339f0000, 0x345f0000, 0x379f0000)
   the space 12288K,   1% used [0x339f0000, 0x33a1cf90, 0x33a1d000, 0x345f0000)
    ro space 10240K,  51% used [0x379f0000, 0x37f1ae00, 0x37f1ae00, 0x383f0000)
    rw space 12288K,  54% used [0x383f0000, 0x38a872d8, 0x38a87400, 0x38ff0000)

Dynamic libraries:
0x00400000 - 0x00424000 	C:\Program Files\Java\jre6\bin\javaw.exe
0x77a40000 - 0x77b7c000 	C:\Windows\SYSTEM32\ntdll.dll
0x75ea0000 - 0x75f74000 	C:\Windows\system32\kernel32.dll
0x75cc0000 - 0x75d0a000 	C:\Windows\system32\KERNELBASE.dll
0x767b0000 - 0x76850000 	C:\Windows\system32\ADVAPI32.dll
0x76850000 - 0x768fc000 	C:\Windows\system32\msvcrt.dll
0x76630000 - 0x76649000 	C:\Windows\SYSTEM32\sechost.dll
0x777b0000 - 0x77851000 	C:\Windows\system32\RPCRT4.dll
0x77970000 - 0x77a39000 	C:\Windows\system32\USER32.dll
0x77ba0000 - 0x77bee000 	C:\Windows\system32\GDI32.dll
0x77b90000 - 0x77b9a000 	C:\Windows\system32\LPK.dll
0x76450000 - 0x764ed000 	C:\Windows\system32\USP10.dll
0x77bf0000 - 0x77c0f000 	C:\Windows\system32\IMM32.DLL
0x76900000 - 0x769cc000 	C:\Windows\system32\MSCTF.dll
0x7c340000 - 0x7c396000 	C:\Program Files\Java\jre6\bin\msvcr71.dll
0x6d800000 - 0x6da97000 	C:\Program Files\Java\jre6\bin\client\jvm.dll
0x73fe0000 - 0x74012000 	C:\Windows\system32\WINMM.dll
0x75ac0000 - 0x75b0b000 	C:\Windows\system32\apphelp.dll
0x6d7b0000 - 0x6d7bc000 	C:\Program Files\Java\jre6\bin\verify.dll
0x6d330000 - 0x6d34f000 	C:\Program Files\Java\jre6\bin\java.dll
0x6d290000 - 0x6d298000 	C:\Program Files\Java\jre6\bin\hpi.dll
0x763b0000 - 0x763b5000 	C:\Windows\system32\PSAPI.DLL
0x6d7f0000 - 0x6d7ff000 	C:\Program Files\Java\jre6\bin\zip.dll
0x6d000000 - 0x6d14a000 	C:\Program Files\Java\jre6\bin\awt.dll
0x6fe80000 - 0x6fed1000 	C:\Windows\system32\WINSPOOL.DRV
0x76650000 - 0x767ac000 	C:\Windows\system32\ole32.dll
0x74ab0000 - 0x74c4e000 	C:\Windows\WinSxS\x86_microsoft.windows.common-controls_6595b64144ccf1df_6.0.7600.16385_none_421189da2b7fabfc\COMCTL32.dll
0x77c10000 - 0x77c67000 	C:\Windows\system32\SHLWAPI.dll
0x74600000 - 0x74613000 	C:\Windows\system32\DWMAPI.DLL
0x74920000 - 0x74960000 	C:\Windows\system32\uxtheme.dll
0x6d230000 - 0x6d284000 	C:\Program Files\Java\jre6\bin\fontmanager.dll
0x75b10000 - 0x75b1c000 	C:\Windows\system32\CRYPTBASE.dll
0x6d590000 - 0x6d753000 	C:\Windows\system32\d3d9.dll
0x750e0000 - 0x750e9000 	C:\Windows\system32\VERSION.dll
0x74f30000 - 0x74f36000 	C:\Windows\system32\d3d8thk.dll
0x10000000 - 0x106af000 	C:\Windows\system32\nvd3dum.dll
0x04410000 - 0x04417000 	C:\Program Files\Internet Download Manager\idmmkb.dll
0x763c0000 - 0x76443000 	C:\Windows\system32\CLBCatQ.DLL
0x77620000 - 0x776af000 	C:\Windows\system32\OLEAUT32.dll
0x079f0000 - 0x07a03000 	C:\Program Files\Java\jre6\bin\net.dll
0x76180000 - 0x761b5000 	C:\Windows\system32\WS2_32.dll
0x75e90000 - 0x75e96000 	C:\Windows\system32\NSI.dll
0x07a10000 - 0x07a43000 	C:\Windows\system32\idmmbc.dll
0x755f0000 - 0x7562c000 	C:\Windows\system32\mswsock.dll
0x759f0000 - 0x759f6000 	C:\Windows\System32\wship6.dll
0x06aa0000 - 0x06aa9000 	C:\Program Files\Java\jre6\bin\nio.dll

VM Arguments:
jvm_args: -Dfile.encoding=Cp1254 
java_command: ClockCanvas
Launcher Type: SUN_STANDARD

Environment Variables:
PATH=C:/Program Files/Java/jre6/bin/client;C:/Program Files/Java/jre6/bin;C:\Program Files\Common Files\Microsoft Shared\Windows Live;C:\Windows\system32;C:\Windows;C:\Windows\System32\Wbem;C:\Windows\System32\WindowsPowerShell\v1.0\;C:\Program Files\Windows Live\Shared;C:\Program Files\MATLAB\R2011b\runtime\win32;C:\Program Files\MATLAB\R2011b\bin;C:\RailsInstaller\Git\cmd;C:\RailsInstaller\Ruby1.9.2\bin
USERNAME=Mustafa
OS=Windows_NT
PROCESSOR_IDENTIFIER=x86 Family 6 Model 23 Stepping 10, GenuineIntel



---------------  S Y S T E M  ---------------

OS: Windows 7 Build 7600 

CPU:total 2 (2 cores per cpu, 1 threads per core) family 6 model 23 stepping 10, cmov, cx8, fxsr, mmx, sse, sse2, sse3, ssse3, sse4.1

Memory: 4k page, physical 3669268k(1224672k free), swap 7336772k(2992280k free)

vm_info: Java HotSpot(TM) Client VM (16.3-b01) for windows-x86 JRE (1.6.0_20-b02), built on Apr 12 2010 13:52:23 by "java_re" with MS VC++ 7.1 (VS2003)

time: Fri Apr 20 21:59:22 2012
elapsed time: 569 seconds

